-- Catapult Ultra Synthesis: Report                                              
-- ------------------------- ---------------------------------------------------
-- Version:                  2023.1_2/1049935 Production Release                 
-- Build Date:               Sat Jun 10 10:53:51 PDT 2023                        
                                                                                 
-- Generated by:             ajh9498@hansolo.poly.edu                            
-- Generated date:           Thu Apr 24 07:11:10 EDT 2025                        

Solution Settings: fir.v1
  Current state: schedule
  Project: Catapult_32_complex_float

Design Input Files Specified
  $PROJECT_HOME/src/fir.cpp
    $PROJECT_HOME/src/fir.h
      $PROJECT_HOME/src/types.h
        $MGC_HOME/shared/include/ac_int.h
        $MGC_HOME/shared/include/ac_float.h
          $MGC_HOME/shared/include/ac_fixed.h
        $MGC_HOME/shared/include/ac_complex.h
      $MGC_HOME/shared/include/ac_channel.h
      $MGC_HOME/shared/include/mc_scverify.h
  $PROJECT_HOME/src/fir.h
  $PROJECT_HOME/src/types.h
  $PROJECT_HOME/src/main.cpp

Processes/Blocks in Design
  Process       Real Operation(s) count Latency Throughput Reset Length II Comments 
  ------------- ----------------------- ------- ---------- ------------ -- --------
  /fir/core                       10174     134        135            0  0          
  Design Total:                   10174     134        135            0  0          
  
Clock Information
  Clock Signal Edge   Period Sharing Alloc (%) Uncertainty Used by Processes/Blocks 
  ------------ ------ ------ ----------------- ----------- ------------------------
  clk          rising  1.000             20.00    0.000000 /fir/core                
  
I/O Data Ranges
  Port                    Mode DeclType DeclWidth DeclRange ActType ActWidth ActRange 
  ----------------------- ---- -------- --------- --------- ------- -------- --------
  clk                     IN   Unsigned         1                                     
  rst                     IN   Unsigned         1                                     
  input.real.m:rsc.dat    IN   Unsigned        11                                     
  input.real.e:rsc.dat    IN   Unsigned         5                                     
  input.imag.m:rsc.dat    IN   Unsigned        11                                     
  input.imag.e:rsc.dat    IN   Unsigned         5                                     
  taps.real.m:rsc.dat     IN   Unsigned       352                                     
  taps.real.e:rsc.dat     IN   Unsigned       160                                     
  taps.imag.m:rsc.dat     IN   Unsigned       352                                     
  taps.imag.e:rsc.dat     IN   Unsigned       160                                     
  input.real.m.triosy.lz  OUT  Unsigned         1                                     
  input.real.e.triosy.lz  OUT  Unsigned         1                                     
  input.imag.m.triosy.lz  OUT  Unsigned         1                                     
  input.imag.e.triosy.lz  OUT  Unsigned         1                                     
  taps.real.m.triosy.lz   OUT  Unsigned         1                                     
  taps.real.e.triosy.lz   OUT  Unsigned         1                                     
  taps.imag.m.triosy.lz   OUT  Unsigned         1                                     
  taps.imag.e.triosy.lz   OUT  Unsigned         1                                     
  return.real.m:rsc.dat   OUT  Unsigned        11                                     
  return.real.m.triosy.lz OUT  Unsigned         1                                     
  return.real.e:rsc.dat   OUT  Unsigned         5                                     
  return.real.e.triosy.lz OUT  Unsigned         1                                     
  return.imag.m:rsc.dat   OUT  Unsigned        11                                     
  return.imag.m.triosy.lz OUT  Unsigned         1                                     
  return.imag.e:rsc.dat   OUT  Unsigned         5                                     
  return.imag.e.triosy.lz OUT  Unsigned         1                                     
  
Memory Resources
  Resource Name: /fir/input.real.m:rsc
    Memory Component: ccs_in                       Size:         1 x 11
    External:         true                         Packing Mode: sidebyside
    Memory Map:
    Variable          Indices Phys Memory Address     
    ----------------- ------- -----------------------
    /fir/input.real.m    0:10 00000000-00000000 (0-0) 
    
  Resource Name: /fir/input.real.e:rsc
    Memory Component: ccs_in                       Size:         1 x 5
    External:         true                         Packing Mode: sidebyside
    Memory Map:
    Variable          Indices Phys Memory Address     
    ----------------- ------- -----------------------
    /fir/input.real.e     0:4 00000000-00000000 (0-0) 
    
  Resource Name: /fir/input.imag.m:rsc
    Memory Component: ccs_in                       Size:         1 x 11
    External:         true                         Packing Mode: sidebyside
    Memory Map:
    Variable          Indices Phys Memory Address     
    ----------------- ------- -----------------------
    /fir/input.imag.m    0:10 00000000-00000000 (0-0) 
    
  Resource Name: /fir/input.imag.e:rsc
    Memory Component: ccs_in                       Size:         1 x 5
    External:         true                         Packing Mode: sidebyside
    Memory Map:
    Variable          Indices Phys Memory Address     
    ----------------- ------- -----------------------
    /fir/input.imag.e     0:4 00000000-00000000 (0-0) 
    
  Resource Name: /fir/taps.real.m:rsc
    Memory Component: ccs_in                       Size:         1 x 352
    External:         true                         Packing Mode: sidebyside
    Memory Map:
    Variable         Indices Phys Memory Address     
    ---------------- ------- -----------------------
    /fir/taps.real.m   0:351 00000000-00000000 (0-0) 
    
  Resource Name: /fir/taps.real.e:rsc
    Memory Component: ccs_in                       Size:         1 x 160
    External:         true                         Packing Mode: sidebyside
    Memory Map:
    Variable         Indices Phys Memory Address     
    ---------------- ------- -----------------------
    /fir/taps.real.e   0:159 00000000-00000000 (0-0) 
    
  Resource Name: /fir/taps.imag.m:rsc
    Memory Component: ccs_in                       Size:         1 x 352
    External:         true                         Packing Mode: sidebyside
    Memory Map:
    Variable         Indices Phys Memory Address     
    ---------------- ------- -----------------------
    /fir/taps.imag.m   0:351 00000000-00000000 (0-0) 
    
  Resource Name: /fir/taps.imag.e:rsc
    Memory Component: ccs_in                       Size:         1 x 160
    External:         true                         Packing Mode: sidebyside
    Memory Map:
    Variable         Indices Phys Memory Address     
    ---------------- ------- -----------------------
    /fir/taps.imag.e   0:159 00000000-00000000 (0-0) 
    
  Resource Name: /fir/return.real.m:rsc
    Memory Component: ccs_out                      Size:         1 x 11
    External:         true                         Packing Mode: sidebyside
    Memory Map:
    Variable           Indices Phys Memory Address     
    ------------------ ------- -----------------------
    /fir/return.real.m    0:10 00000000-00000000 (0-0) 
    
  Resource Name: /fir/return.real.e:rsc
    Memory Component: ccs_out                      Size:         1 x 5
    External:         true                         Packing Mode: sidebyside
    Memory Map:
    Variable           Indices Phys Memory Address     
    ------------------ ------- -----------------------
    /fir/return.real.e     0:4 00000000-00000000 (0-0) 
    
  Resource Name: /fir/return.imag.m:rsc
    Memory Component: ccs_out                      Size:         1 x 11
    External:         true                         Packing Mode: sidebyside
    Memory Map:
    Variable           Indices Phys Memory Address     
    ------------------ ------- -----------------------
    /fir/return.imag.m    0:10 00000000-00000000 (0-0) 
    
  Resource Name: /fir/return.imag.e:rsc
    Memory Component: ccs_out                      Size:         1 x 5
    External:         true                         Packing Mode: sidebyside
    Memory Map:
    Variable           Indices Phys Memory Address     
    ------------------ ------- -----------------------
    /fir/return.imag.e     0:4 00000000-00000000 (0-0) 
    
C++ to Interface Mappings
  C++ Field           Interface Range            Range Expression                        Expression Limits 
  ------------------- -------------------------- --------------------------------------- -----------------
  /fir/taps[M].real.m taps_real_m_rsc_dat[351:0] taps_real_m_rsc_dat[(M)*11+11-1:(M)*11] M<32              
  /fir/taps[M].real.e taps_real_e_rsc_dat[159:0] taps_real_e_rsc_dat[(M)*5+5-1:(M)*5]    M<32              
  /fir/taps[M].imag.m taps_imag_m_rsc_dat[351:0] taps_imag_m_rsc_dat[(M)*11+11-1:(M)*11] M<32              
  /fir/taps[M].imag.e taps_imag_e_rsc_dat[159:0] taps_imag_e_rsc_dat[(M)*5+5-1:(M)*5]    M<32              
  
Multi-Cycle (Combinational) Component Usage
  Instance Component Name Cycles 
  -------- -------------- ------
  
Loops
  Process   Loop             Iterations C-Steps Total Cycles   Duration  Unroll Init Comments 
  --------- ---------------- ---------- ------- ------------- ---------- ------ ---- --------
  /fir/core core:rlp           Infinite       0          135  135.00 ns                       
  /fir/core  main              Infinite     135          135  135.00 ns                       
  
Loop Execution Profile
  Process   Loop             Total Cycles % of Overall Design Cycles Throughput Cycles Comments 
  --------- ---------------- ------------ -------------------------- ----------------- --------
  /fir/core core:rlp                   0                        0.00              135           
  /fir/core  main                    135                      100.00              135           
  
End of Report
